[22:21:01] [main/INFO]: Loading Minecraft 1.20.1 with Fabric Loader 0.16.3
[22:21:01] [main/INFO]: Loading 4 mods:
	- fabricloader 0.16.3
	   \-- mixinextras 0.4.1
	- java 17
	- minecraft 1.20.1
[22:21:01] [main/INFO]: SpongePowered MIXIN Subsystem Version=0.8.7 Source=file:/workspaces/ruby/servidor_minecraft/libraries/net/fabricmc/sponge-mixin/0.15.2+mixin.0.8.7/sponge-mixin-0.15.2+mixin.0.8.7.jar Service=Knot/Fabric Env=SERVER
[22:21:06] [main/INFO]: Environment: authHost='https://authserver.mojang.com', accountsHost='https://api.mojang.com', sessionHost='https://sessionserver.mojang.com', servicesHost='https://api.minecraftservices.com', name='PROD'
[22:21:08] [main/INFO]: Loaded 7 recipes
[22:21:08] [main/INFO]: Loaded 1271 advancements
[22:21:09] [Server thread/INFO]: Starting minecraft server version 1.20.1
[22:21:09] [Server thread/INFO]: Loading properties
[22:21:09] [Server thread/INFO]: Default game type: SURVIVAL
[22:21:09] [Server thread/INFO]: Generating keypair
[22:21:09] [Server thread/INFO]: Starting Minecraft server on *:25565
[22:21:09] [Server thread/INFO]: Using epoll channel type
[22:21:09] [Server thread/WARN]: **** SERVER IS RUNNING IN OFFLINE/INSECURE MODE!
[22:21:09] [Server thread/WARN]: The server will make no attempt to authenticate usernames. Beware.
[22:21:09] [Server thread/WARN]: While this makes the game possible to play without internet access, it also opens up the ability for hackers to connect with any username they choose.
[22:21:09] [Server thread/WARN]: To change this, set "online-mode" to "true" in the server.properties file.
[22:21:09] [Server thread/INFO]: Preparing level "world"
[22:21:14] [Server thread/INFO]: Preparing start region for dimension minecraft:overworld
[22:21:15] [Worker-Main-3/INFO]: Preparing spawn area: 0%
[22:21:15] [Worker-Main-1/INFO]: Preparing spawn area: 0%
[22:21:15] [Worker-Main-2/INFO]: Preparing spawn area: 0%
[22:21:16] [Worker-Main-3/INFO]: Preparing spawn area: 0%
[22:21:16] [Worker-Main-3/INFO]: Preparing spawn area: 0%
[22:21:17] [Worker-Main-3/INFO]: Preparing spawn area: 1%
[22:21:17] [Worker-Main-1/INFO]: Preparing spawn area: 1%
[22:21:18] [Worker-Main-1/INFO]: Preparing spawn area: 3%
[22:21:18] [Worker-Main-1/INFO]: Preparing spawn area: 4%
[22:21:19] [Worker-Main-1/INFO]: Preparing spawn area: 5%
[22:21:19] [Worker-Main-1/INFO]: Preparing spawn area: 7%
[22:21:20] [Worker-Main-1/INFO]: Preparing spawn area: 9%
[22:21:20] [Worker-Main-2/INFO]: Preparing spawn area: 10%
[22:21:21] [Worker-Main-2/INFO]: Preparing spawn area: 11%
[22:21:21] [Worker-Main-2/INFO]: Preparing spawn area: 13%
[22:21:22] [Worker-Main-1/INFO]: Preparing spawn area: 15%
[22:21:22] [Worker-Main-3/INFO]: Preparing spawn area: 16%
[22:21:23] [Worker-Main-3/INFO]: Preparing spawn area: 17%
[22:21:23] [Worker-Main-1/INFO]: Preparing spawn area: 20%
[22:21:24] [Worker-Main-3/INFO]: Preparing spawn area: 21%
[22:21:24] [Worker-Main-1/INFO]: Preparing spawn area: 23%
[22:21:25] [Worker-Main-1/INFO]: Preparing spawn area: 25%
[22:21:25] [Worker-Main-1/INFO]: Preparing spawn area: 28%
[22:21:26] [Worker-Main-1/INFO]: Preparing spawn area: 30%
[22:21:26] [Worker-Main-1/INFO]: Preparing spawn area: 32%
[22:21:27] [Worker-Main-1/INFO]: Preparing spawn area: 33%
[22:21:27] [Worker-Main-3/INFO]: Preparing spawn area: 37%
[22:21:28] [Worker-Main-3/INFO]: Preparing spawn area: 39%
[22:21:28] [Worker-Main-3/INFO]: Preparing spawn area: 41%
[22:21:29] [Worker-Main-2/INFO]: Preparing spawn area: 44%
[22:21:29] [Worker-Main-2/INFO]: Preparing spawn area: 46%
[22:21:30] [Worker-Main-3/INFO]: Preparing spawn area: 48%
[22:21:30] [Worker-Main-3/INFO]: Preparing spawn area: 51%
[22:21:31] [Worker-Main-1/INFO]: Preparing spawn area: 54%
[22:21:31] [Worker-Main-3/INFO]: Preparing spawn area: 55%
[22:21:32] [Worker-Main-2/INFO]: Preparing spawn area: 57%
[22:21:32] [Worker-Main-1/INFO]: Preparing spawn area: 61%
[22:21:33] [Worker-Main-2/INFO]: Preparing spawn area: 63%
[22:21:33] [Worker-Main-2/INFO]: Preparing spawn area: 65%
[22:21:34] [Worker-Main-2/INFO]: Preparing spawn area: 68%
[22:21:34] [Worker-Main-3/INFO]: Preparing spawn area: 69%
[22:21:35] [Worker-Main-3/INFO]: Preparing spawn area: 73%
[22:21:35] [Worker-Main-3/INFO]: Preparing spawn area: 75%
[22:21:36] [Worker-Main-2/INFO]: Preparing spawn area: 78%
[22:21:36] [Worker-Main-2/INFO]: Preparing spawn area: 81%
[22:21:37] [Worker-Main-1/INFO]: Preparing spawn area: 83%
[22:21:37] [Worker-Main-1/INFO]: Preparing spawn area: 85%
[22:21:38] [Worker-Main-2/INFO]: Preparing spawn area: 89%
[22:21:38] [Worker-Main-1/INFO]: Preparing spawn area: 92%
[22:21:39] [Worker-Main-3/INFO]: Preparing spawn area: 96%
[22:21:39] [Server thread/INFO]: Time elapsed: 24980 ms
[22:21:39] [Server thread/INFO]: Done (30.437s)! For help, type "help"
[22:21:55] [Server thread/INFO]: Stopping the server
[22:21:55] [Server thread/INFO]: Stopping server
[22:21:55] [Server thread/INFO]: Saving players
[22:21:55] [Server thread/INFO]: Saving worlds
[22:21:56] [Server thread/INFO]: Saving chunks for level 'ServerLevel[world]'/minecraft:overworld
[22:21:57] [Server thread/INFO]: Saving chunks for level 'ServerLevel[world]'/minecraft:the_end
[22:21:57] [Server thread/INFO]: Saving chunks for level 'ServerLevel[world]'/minecraft:the_nether
[22:21:57] [Server thread/INFO]: ThreadedAnvilChunkStorage (world): All chunks are saved
[22:21:57] [Server thread/INFO]: ThreadedAnvilChunkStorage (DIM1): All chunks are saved
[22:21:57] [Server thread/INFO]: ThreadedAnvilChunkStorage (DIM-1): All chunks are saved
[22:21:57] [Server thread/INFO]: ThreadedAnvilChunkStorage: All dimensions are saved
